<?xml version="1.0" encoding="UTF-8"?>
<testsuites name="google" time="16.291" tests="2" failures="0" errors="0">
   <testsuite name="google" tests="2" failures="0" errors="0" time="16.291" skipped="0" timestamp="2023-07-13 15:50:03" hostname="Wajid - DESKTOP-RTPNA8E" id="Test Suites/google">
      <properties>
         <property name="deviceName" value=""/>
         <property name="devicePlatform" value=""/>
         <property name="logFolder" value="C:\\Users\\Wajid\\git\\cbs_demo\\Reports\\20230713_155000\\google\\20230713_155000"/>
         <property name="logFiles" value="C:\\Users\\Wajid\\git\\cbs_demo\\Reports\\20230713_155000\\google\\20230713_155000\\execution0.log"/>
         <property name="attachments" value=""/>
         <property name="hostName" value="Wajid - DESKTOP-RTPNA8E"/>
         <property name="os" value="Windows 10 64bit"/>
         <property name="katalonVersion" value="8.6.5.208"/>
         <property name="browser" value="Chrome 114.0.0.0"/>
         <property name="hostAddress" value="192.168.1.116"/>
         <property name="sessionId" value="0dca8395d3326775be848e84a852181d"/>
         <property name="seleniumVersion" value="3.141.59"/>
         <property name="proxyInformation" value="ProxyInformation { proxyOption=NO_PROXY, proxyServerType=HTTP, username=, password=********, proxyServerAddress=, proxyServerPort=0, executionList=&quot;&quot;, isApplyToDesiredCapabilities=true }"/>
         <property name="platform" value="Windows 10"/>
      </properties>
      <testcase name="Test Cases/Example/1" time="5.919" classname="Test Cases/Example/1" status="PASSED">
         <system-out><![CDATA[2023-07-13 15:50:03 - [TEST_CASE][PASSED] - Test Cases/Example/1: Test Cases/Example/1

2023-07-13 15:50:03 - [TEST_STEP][PASSED] - openBrowser(""): Browser is opened with url: ''

2023-07-13 15:50:04 - [MESSAGE][INFO] - Starting 'Chrome' driver

2023-07-13 15:50:04 - [MESSAGE][INFO] - Action delay is set to 0 milliseconds

2023-07-13 15:50:06 - [MESSAGE][PASSED] - Browser is opened with url: ''

2023-07-13 15:50:06 - [TEST_STEP][PASSED] - navigateToUrl("https://www.google.com.pk/"): Navigate to 'https://www.google.com.pk/' successfully

2023-07-13 15:50:08 - [MESSAGE][PASSED] - Navigate to 'https://www.google.com.pk/' successfully

2023-07-13 15:50:08 - [TEST_STEP][PASSED] - setText(findTestObject("Object Repository/example/Page_Google/textarea__q"), "pakistan"): Text 'pakistan' is set on object 'Object Repository/example/Page_Google/textarea__q'

2023-07-13 15:50:09 - [MESSAGE][PASSED] - Text 'pakistan' is set on object 'Object Repository/example/Page_Google/textarea__q']]></system-out>
         <system-err><![CDATA[]]></system-err>
      </testcase>
      <testcase name="Test Cases/Example/2" time="10.098" classname="Test Cases/Example/2" status="PASSED">
         <system-out><![CDATA[2023-07-13 15:50:09 - [TEST_CASE][PASSED] - Test Cases/Example/2: Test Cases/Example/2

2023-07-13 15:50:10 - [TEST_STEP][PASSED] - openBrowser(""): Browser is opened with url: ''

2023-07-13 15:50:10 - [MESSAGE][WARNING] - A browser is already opened. Closing browser and opening a new one

2023-07-13 15:50:10 - [MESSAGE][INFO] - Starting 'Chrome' driver

2023-07-13 15:50:10 - [MESSAGE][INFO] - Action delay is set to 0 milliseconds

2023-07-13 15:50:11 - [MESSAGE][PASSED] - Browser is opened with url: ''

2023-07-13 15:50:11 - [TEST_STEP][PASSED] - navigateToUrl("https://www.google.com.pk/"): Navigate to 'https://www.google.com.pk/' successfully

2023-07-13 15:50:13 - [MESSAGE][PASSED] - Navigate to 'https://www.google.com.pk/' successfully

2023-07-13 15:50:13 - [TEST_STEP][PASSED] - setText(findTestObject("Object Repository/example/Page_Google/textarea__q"), "japan"): Text 'japan' is set on object 'Object Repository/example/Page_Google/textarea__q'

2023-07-13 15:50:14 - [MESSAGE][PASSED] - Text 'japan' is set on object 'Object Repository/example/Page_Google/textarea__q'

2023-07-13 15:50:14 - [TEST_STEP][PASSED] - click(findTestObject("Object Repository/example/Page_Google/input_Delete_btnK")): Object: 'Object Repository/example/Page_Google/input_Delete_btnK' is clicked on

2023-07-13 15:50:15 - [MESSAGE][PASSED] - Object: 'Object Repository/example/Page_Google/input_Delete_btnK' is clicked on

2023-07-13 15:50:15 - [TEST_STEP][PASSED] - verifyElementText(findTestObject("Object Repository/example/Page_japan - Google Search/div_Country in East Asia"), "Country in East Asia"): Actual text and expected text of test object 'Object Repository/example/Page_japan - Google Search/div_Country in East Asia' are matched.

2023-07-13 15:50:19 - [MESSAGE][PASSED] - Actual text and expected text of test object 'Object Repository/example/Page_japan - Google Search/div_Country in East Asia' are matched.]]></system-out>
         <system-err><![CDATA[]]></system-err>
      </testcase>
      <system-out><![CDATA[2023-07-13 15:50:03 - [TEST_SUITE][PASSED] - google: Test Cases/Example/2]]></system-out>
      <system-err><![CDATA[]]></system-err>
   </testsuite>
</testsuites>
