<?xml version="1.0" encoding="UTF-8"?>
<testsuites name="google" time="40.335" tests="2" failures="0" errors="0">
   <testsuite name="google" tests="2" failures="0" errors="0" time="40.335" skipped="0" timestamp="2023-07-14 13:16:23" hostname="Wajid - 172.16.89.31" id="Test Suites/google">
      <properties>
         <property name="deviceName" value=""/>
         <property name="devicePlatform" value=""/>
         <property name="logFolder" value="C:\\Users\\Wajid\\git\\cbs_demo\\Reports\\20230714_131619\\google\\20230714_131620"/>
         <property name="logFiles" value="C:\\Users\\Wajid\\git\\cbs_demo\\Reports\\20230714_131619\\google\\20230714_131620\\execution0.log"/>
         <property name="attachments" value=""/>
         <property name="hostName" value="Wajid - 172.16.89.31"/>
         <property name="os" value="Windows 10 64bit"/>
         <property name="katalonVersion" value="8.6.5.208"/>
         <property name="browser" value="Chrome 114.0.0.0"/>
         <property name="hostAddress" value="172.16.89.31"/>
         <property name="sessionId" value="2e43a82592c3092fe502e4ee01116237"/>
         <property name="seleniumVersion" value="3.141.59"/>
         <property name="proxyInformation" value="ProxyInformation { proxyOption=NO_PROXY, proxyServerType=HTTP, username=, password=********, proxyServerAddress=, proxyServerPort=0, executionList=&quot;&quot;, isApplyToDesiredCapabilities=true }"/>
         <property name="platform" value="Windows 10"/>
      </properties>
      <testcase name="Test Cases/Example/1" time="7.633" classname="Test Cases/Example/1" status="PASSED">
         <system-out><![CDATA[2023-07-14 13:16:23 - [TEST_CASE][PASSED] - Test Cases/Example/1: Test Cases/Example/1

2023-07-14 13:16:23 - [TEST_STEP][PASSED] - openBrowser(""): Browser is opened with url: ''

2023-07-14 13:16:23 - [MESSAGE][INFO] - Starting 'Chrome' driver

2023-07-14 13:16:23 - [MESSAGE][INFO] - Action delay is set to 0 milliseconds

2023-07-14 13:16:25 - [MESSAGE][PASSED] - Browser is opened with url: ''

2023-07-14 13:16:25 - [TEST_STEP][PASSED] - navigateToUrl("https://www.google.com.pk/"): Navigate to 'https://www.google.com.pk/' successfully

2023-07-14 13:16:29 - [MESSAGE][PASSED] - Navigate to 'https://www.google.com.pk/' successfully

2023-07-14 13:16:29 - [TEST_STEP][PASSED] - setText(findTestObject("Object Repository/example/Page_Google/textarea__q"), "pakistan"): Text 'pakistan' is set on object 'Object Repository/example/Page_Google/textarea__q'

2023-07-14 13:16:30 - [MESSAGE][PASSED] - Text 'pakistan' is set on object 'Object Repository/example/Page_Google/textarea__q'

2023-07-14 13:16:30 - [TEST_STEP][PASSED] - closeBrowser(): Browser is closed

2023-07-14 13:16:30 - [MESSAGE][PASSED] - Browser is closed]]></system-out>
         <system-err><![CDATA[]]></system-err>
      </testcase>
      <testcase name="Test Cases/Example/2" time="32.525" classname="Test Cases/Example/2" status="PASSED">
         <system-out><![CDATA[2023-07-14 13:16:30 - [TEST_CASE][PASSED] - Test Cases/Example/2: Test Cases/Example/2

2023-07-14 13:16:30 - [TEST_STEP][PASSED] - openBrowser(""): Browser is opened with url: ''

2023-07-14 13:16:30 - [MESSAGE][INFO] - Starting 'Chrome' driver

2023-07-14 13:16:30 - [MESSAGE][INFO] - Action delay is set to 0 milliseconds

2023-07-14 13:16:32 - [MESSAGE][PASSED] - Browser is opened with url: ''

2023-07-14 13:16:32 - [TEST_STEP][PASSED] - navigateToUrl("https://www.google.com.pk/"): Navigate to 'https://www.google.com.pk/' successfully

2023-07-14 13:16:35 - [MESSAGE][PASSED] - Navigate to 'https://www.google.com.pk/' successfully

2023-07-14 13:16:35 - [TEST_STEP][PASSED] - setText(findTestObject("Object Repository/example/Page_Google/textarea__q"), "japan"): Text 'japan' is set on object 'Object Repository/example/Page_Google/textarea__q'

2023-07-14 13:16:36 - [MESSAGE][PASSED] - Text 'japan' is set on object 'Object Repository/example/Page_Google/textarea__q'

2023-07-14 13:16:36 - [TEST_STEP][PASSED] - click(findTestObject("Object Repository/example/Page_Google/input_Delete_btnK")): Object: 'Object Repository/example/Page_Google/input_Delete_btnK' is clicked on

2023-07-14 13:16:41 - [MESSAGE][PASSED] - Object: 'Object Repository/example/Page_Google/input_Delete_btnK' is clicked on

2023-07-14 13:16:41 - [TEST_STEP][PASSED] - verifyElementText(findTestObject("Object Repository/example/Page_japan - Google Search/div_Country in East Asia"), "Country in East Asia"): Actual text and expected text of test object 'Object Repository/example/Page_japan - Google Search/div_Country in East Asia' are matched.

2023-07-14 13:17:03 - [MESSAGE][PASSED] - Actual text and expected text of test object 'Object Repository/example/Page_japan - Google Search/div_Country in East Asia' are matched.]]></system-out>
         <system-err><![CDATA[]]></system-err>
      </testcase>
      <system-out><![CDATA[2023-07-14 13:16:23 - [TEST_SUITE][PASSED] - google: Test Cases/Example/2]]></system-out>
      <system-err><![CDATA[]]></system-err>
   </testsuite>
</testsuites>
