<?xml version="1.0" encoding="UTF-8"?>
<testsuites name="CustomerCreation" time="1.057" tests="0" failures="0" errors="0">
   <testsuite name="CustomerCreation" tests="0" failures="0" errors="0" time="1.057" skipped="0" timestamp="2023-07-14 17:05:33" hostname="Wajid - DESKTOP-RTPNA8E" id="Test Suites/CustomerCreation">
      <properties>
         <property name="deviceName" value=""/>
         <property name="devicePlatform" value=""/>
         <property name="logFolder" value="C:\\Users\\Wajid\\git\\cbs_demo\\Reports\\20230714_170527\\CustomerCreation\\20230714_170528"/>
         <property name="logFiles" value="C:\\Users\\Wajid\\git\\cbs_demo\\Reports\\20230714_170527\\CustomerCreation\\20230714_170528\\execution0.log"/>
         <property name="attachments" value=""/>
         <property name="hostName" value="Wajid - DESKTOP-RTPNA8E"/>
         <property name="hostAddress" value="192.168.8.103"/>
         <property name="os" value="Windows 10 64bit"/>
         <property name="katalonVersion" value="8.6.5.208"/>
      </properties>
      <system-out><![CDATA[2023-07-14 17:05:33 - [TEST_SUITE][PASSED] - CustomerCreation: null]]></system-out>
      <system-err><![CDATA[]]></system-err>
   </testsuite>
</testsuites>
